Arguments: 
  C:\Program Files\nodejs\node.exe C:\Users\Chukwudi\AppData\Local\node\corepack\yarn\1.22.19\bin\yarn.js add --dev hardhat

PATH: 
  C:\Python311\Scripts\;C:\Python311\;C:\Windows\system32;C:\Windows;C:\Windows\System32\Wbem;C:\Windows\System32\WindowsPowerShell\v1.0\;C:\Windows\System32\OpenSSH\;C:\ProgramData\chocolatey\bin;C:\Program Files\Git\cmd;C:\Program Files\nodejs\;C:\Users\Chukwudi\AppData\Local\Microsoft\WindowsApps;C:\Users\Chukwudi\AppData\Roaming\npm

Yarn version: 
  1.22.19

Node version: 
  21.1.0

Platform: 
  win32 x64

Trace: 
  AggregateError
      at internalConnectMultiple (node:net:1114:18)
      at afterConnectMultiple (node:net:1667:5)

npm manifest: 
  No manifest

yarn manifest: 
  No manifest

Lockfile: 
  No lockfile
